SESSION_START utc=2026-07-18T22:11:59Z host_alias=xlg host=dev-dsk-ahrav-2c-a9191cb6.us-west-2.amazon.com cpu=0 pairs=12 mib=256 passes=64 mprotect_pairs=20000 source_commit=52e7959c18e03869aacf2548b60198c72e52e2c0
f61227a4b631288ba5d582d384ae4196eca48eb0fca75b42867e19684e52f4de  /tmp/topic8-final-52e7959-xlg/results/target/release/deps/address_translation-3b92ffc3fb3a025b
53e0cd38e9bbf855a05497f3514f4399ab5647d2fc117aa88f86e1f0415fc100  topics/008-tlbs-address-translation/src/lib.rs
929c8e63feb4157ab75e162bafe48ab434b4a820acb4be77ee9f13e70eb21842  topics/008-tlbs-address-translation/benches/address_translation.rs
e35a85c8c83f64c36789f5d07867f3948520e0ba1124b23dd0e2322ee7fffb49  topics/008-tlbs-address-translation/examples/check_translation.rs
642502632f7d2d183cd979a848d70999ecfd0e02d4de16271e2cb7566bd4474d  topics/008-tlbs-address-translation/experiment/run_processes.sh
49a93c84b48bfe185483fb6f3731868be4dd80e9317b15f1edf74b416592d83a  topics/008-tlbs-address-translation/experiment/summarize.py
VERIFY variant=base status=ok pages=1024 anon_huge_kib=0 kernel_page_kib=4 mmu_page_kib=4 vm_flags=rd,wr,mr,mw,me,ac,sd,nh
VERIFY variant=thp status=ok pages=1024 anon_huge_kib=4096 kernel_page_kib=4 mmu_page_kib=4 vm_flags=rd,wr,mr,mw,me,ac,sd,hg
PAIR_START pair=1 reach_order=base,thp shootdown_order=1,16 utc=2026-07-18T22:11:59Z
RESULT pid=2146168 workload=reach variant=base mib=256 pages=65536 passes=64 accesses=4194304 pair=1 order=1 setup_ns=124167423 warmup_ns=11700267 timed_ns=646794387 run_to_pre_emit_ns=786510296 ns_per_access=154.207798719 anon_huge_kib_before=0 anon_huge_kib_after=0 kernel_page_kib=4 mmu_page_kib=4 vm_flags=rd,wr,mr,mw,me,ac,sd,nh external_wall_ns=806931977 cpu=0
RESULT pid=2146173 workload=reach variant=thp mib=256 pages=65536 passes=64 accesses=4194304 pair=1 order=2 setup_ns=22745982 warmup_ns=4770994 timed_ns=146345833 run_to_pre_emit_ns=174152191 ns_per_access=34.891565561 anon_huge_kib_before=262144 anon_huge_kib_after=262144 kernel_page_kib=4 mmu_page_kib=4 vm_flags=rd,wr,mr,mw,me,ac,sd,hg external_wall_ns=179676098 cpu=0
RESULT pid=2146178 workload=shootdown readers=1 mprotect_pairs=20000 first_cpu=0 pair=1 order=1 setup_ns=1339726 warmup_pairs=100 warmup_ns=1011425 timed_ns=208712822 run_to_pre_emit_ns=211190784 ns_per_pair=10435.641100000 reader_loads=240747024 reader_checksum=240747024 external_wall_ns=215893697 cpu=0
RESULT pid=2146184 workload=shootdown readers=16 mprotect_pairs=20000 first_cpu=0 pair=1 order=2 setup_ns=2406981 warmup_pairs=100 warmup_ns=1917610 timed_ns=392223409 run_to_pre_emit_ns=396867441 ns_per_pair=19611.170450000 reader_loads=8789692201 reader_checksum=8789692201 external_wall_ns=401803286 cpu=0
PAIR_END pair=1 utc=2026-07-18T22:12:01Z
PAIR_START pair=2 reach_order=thp,base shootdown_order=16,1 utc=2026-07-18T22:12:01Z
RESULT pid=2146211 workload=reach variant=thp mib=256 pages=65536 passes=64 accesses=4194304 pair=2 order=1 setup_ns=32225269 warmup_ns=4909815 timed_ns=133174118 run_to_pre_emit_ns=170600084 ns_per_access=31.751183987 anon_huge_kib_before=262144 anon_huge_kib_after=262144 kernel_page_kib=4 mmu_page_kib=4 vm_flags=rd,wr,mr,mw,me,ac,sd,hg external_wall_ns=175568898 cpu=0
RESULT pid=2146216 workload=reach variant=base mib=256 pages=65536 passes=64 accesses=4194304 pair=2 order=2 setup_ns=133372069 warmup_ns=11896849 timed_ns=661741630 run_to_pre_emit_ns=810938967 ns_per_access=157.771499157 anon_huge_kib_before=0 anon_huge_kib_after=0 kernel_page_kib=4 mmu_page_kib=4 vm_flags=rd,wr,mr,mw,me,ac,sd,nh external_wall_ns=831791331 cpu=0
RESULT pid=2146253 workload=shootdown readers=16 mprotect_pairs=20000 first_cpu=0 pair=2 order=1 setup_ns=2249011 warmup_pairs=100 warmup_ns=1904560 timed_ns=387982728 run_to_pre_emit_ns=392537070 ns_per_pair=19399.136400000 reader_loads=8683560566 reader_checksum=8683560566 external_wall_ns=397472535 cpu=0
RESULT pid=2146274 workload=shootdown readers=1 mprotect_pairs=20000 first_cpu=0 pair=2 order=2 setup_ns=1309997 warmup_pairs=100 warmup_ns=983565 timed_ns=220898691 run_to_pre_emit_ns=223306604 ns_per_pair=11044.934550000 reader_loads=263841976 reader_checksum=263841976 external_wall_ns=228778650 cpu=0
PAIR_END pair=2 utc=2026-07-18T22:12:02Z
PAIR_START pair=3 reach_order=base,thp shootdown_order=1,16 utc=2026-07-18T22:12:02Z
RESULT pid=2146286 workload=reach variant=base mib=256 pages=65536 passes=64 accesses=4194304 pair=3 order=1 setup_ns=134805387 warmup_ns=11859579 timed_ns=665752360 run_to_pre_emit_ns=816381435 ns_per_access=158.727731705 anon_huge_kib_before=0 anon_huge_kib_after=0 kernel_page_kib=4 mmu_page_kib=4 vm_flags=rd,wr,mr,mw,me,ac,sd,nh external_wall_ns=836750526 cpu=0
RESULT pid=2146295 workload=reach variant=thp mib=256 pages=65536 passes=64 accesses=4194304 pair=3 order=2 setup_ns=22894584 warmup_ns=4676093 timed_ns=127427610 run_to_pre_emit_ns=155272918 ns_per_access=30.381109715 anon_huge_kib_before=262144 anon_huge_kib_after=262144 kernel_page_kib=4 mmu_page_kib=4 vm_flags=rd,wr,mr,mw,me,ac,sd,hg external_wall_ns=161014176 cpu=0
RESULT pid=2146301 workload=shootdown readers=1 mprotect_pairs=20000 first_cpu=0 pair=3 order=1 setup_ns=1325667 warmup_pairs=100 warmup_ns=997375 timed_ns=217745766 run_to_pre_emit_ns=220183708 ns_per_pair=10887.288300000 reader_loads=257771978 reader_checksum=257771978 external_wall_ns=224645380 cpu=0
RESULT pid=2146324 workload=shootdown readers=16 mprotect_pairs=20000 first_cpu=0 pair=3 order=2 setup_ns=2334882 warmup_pairs=100 warmup_ns=1966510 timed_ns=394167248 run_to_pre_emit_ns=398826421 ns_per_pair=19708.362400000 reader_loads=8863202254 reader_checksum=8863202254 external_wall_ns=404512109 cpu=0
PAIR_END pair=3 utc=2026-07-18T22:12:04Z
PAIR_START pair=4 reach_order=thp,base shootdown_order=16,1 utc=2026-07-18T22:12:04Z
RESULT pid=2146352 workload=reach variant=thp mib=256 pages=65536 passes=64 accesses=4194304 pair=4 order=1 setup_ns=29164043 warmup_ns=6565013 timed_ns=126914797 run_to_pre_emit_ns=162936714 ns_per_access=30.258845568 anon_huge_kib_before=262144 anon_huge_kib_after=262144 kernel_page_kib=4 mmu_page_kib=4 vm_flags=rd,wr,mr,mw,me,ac,sd,hg external_wall_ns=168012410 cpu=0
RESULT pid=2146357 workload=reach variant=base mib=256 pages=65536 passes=64 accesses=4194304 pair=4 order=2 setup_ns=133876602 warmup_ns=11929579 timed_ns=666138062 run_to_pre_emit_ns=815850032 ns_per_access=158.819690228 anon_huge_kib_before=0 anon_huge_kib_after=0 kernel_page_kib=4 mmu_page_kib=4 vm_flags=rd,wr,mr,mw,me,ac,sd,nh external_wall_ns=835702710 cpu=0
RESULT pid=2146376 workload=shootdown readers=16 mprotect_pairs=20000 first_cpu=0 pair=4 order=1 setup_ns=2263721 warmup_pairs=100 warmup_ns=1911950 timed_ns=391062223 run_to_pre_emit_ns=395622376 ns_per_pair=19553.111150000 reader_loads=8757096435 reader_checksum=8757096435 external_wall_ns=400731660 cpu=0
RESULT pid=2146398 workload=shootdown readers=1 mprotect_pairs=20000 first_cpu=0 pair=4 order=2 setup_ns=1318087 warmup_pairs=100 warmup_ns=980575 timed_ns=217183952 run_to_pre_emit_ns=219590485 ns_per_pair=10859.197600000 reader_loads=257376290 reader_checksum=257376290 external_wall_ns=225411025 cpu=0
PAIR_END pair=4 utc=2026-07-18T22:12:05Z
PAIR_START pair=5 reach_order=base,thp shootdown_order=1,16 utc=2026-07-18T22:12:06Z
RESULT pid=2146410 workload=reach variant=base mib=256 pages=65536 passes=64 accesses=4194304 pair=5 order=1 setup_ns=136412953 warmup_ns=11960470 timed_ns=668073801 run_to_pre_emit_ns=820375024 ns_per_access=159.281206369 anon_huge_kib_before=0 anon_huge_kib_after=0 kernel_page_kib=4 mmu_page_kib=4 vm_flags=rd,wr,mr,mw,me,ac,sd,nh external_wall_ns=840529313 cpu=0
RESULT pid=2146415 workload=reach variant=thp mib=256 pages=65536 passes=64 accesses=4194304 pair=5 order=2 setup_ns=22988693 warmup_ns=4577563 timed_ns=126727306 run_to_pre_emit_ns=154572893 ns_per_access=30.214144230 anon_huge_kib_before=262144 anon_huge_kib_after=262144 kernel_page_kib=4 mmu_page_kib=4 vm_flags=rd,wr,mr,mw,me,ac,sd,hg external_wall_ns=159965220 cpu=0
RESULT pid=2146420 workload=shootdown readers=1 mprotect_pairs=20000 first_cpu=0 pair=5 order=1 setup_ns=1373837 warmup_pairs=100 warmup_ns=1003075 timed_ns=216430239 run_to_pre_emit_ns=218930602 ns_per_pair=10821.511950000 reader_loads=255301487 reader_checksum=255301487 external_wall_ns=224270639 cpu=0
RESULT pid=2146426 workload=shootdown readers=16 mprotect_pairs=20000 first_cpu=0 pair=5 order=2 setup_ns=2294201 warmup_pairs=100 warmup_ns=1911909 timed_ns=390143869 run_to_pre_emit_ns=394673590 ns_per_pair=19507.193450000 reader_loads=8742803726 reader_checksum=8742803726 external_wall_ns=399987027 cpu=0
PAIR_END pair=5 utc=2026-07-18T22:12:07Z
PAIR_START pair=6 reach_order=thp,base shootdown_order=16,1 utc=2026-07-18T22:12:07Z
RESULT pid=2146455 workload=reach variant=thp mib=256 pages=65536 passes=64 accesses=4194304 pair=6 order=1 setup_ns=27359626 warmup_ns=4755833 timed_ns=130089902 run_to_pre_emit_ns=162504663 ns_per_access=31.015849590 anon_huge_kib_before=262144 anon_huge_kib_after=262144 kernel_page_kib=4 mmu_page_kib=4 vm_flags=rd,wr,mr,mw,me,ac,sd,hg external_wall_ns=167415236 cpu=0
RESULT pid=2146460 workload=reach variant=base mib=256 pages=65536 passes=64 accesses=4194304 pair=6 order=2 setup_ns=133211839 warmup_ns=11888709 timed_ns=664931496 run_to_pre_emit_ns=813925103 ns_per_access=158.532022476 anon_huge_kib_before=0 anon_huge_kib_after=0 kernel_page_kib=4 mmu_page_kib=4 vm_flags=rd,wr,mr,mw,me,ac,sd,nh external_wall_ns=834411574 cpu=0
RESULT pid=2146465 workload=shootdown readers=16 mprotect_pairs=20000 first_cpu=0 pair=6 order=1 setup_ns=2259361 warmup_pairs=100 warmup_ns=1922360 timed_ns=386126458 run_to_pre_emit_ns=390647390 ns_per_pair=19306.322900000 reader_loads=8622852498 reader_checksum=8622852498 external_wall_ns=395768946 cpu=0
RESULT pid=2146487 workload=shootdown readers=1 mprotect_pairs=20000 first_cpu=0 pair=6 order=2 setup_ns=1319587 warmup_pairs=100 warmup_ns=990685 timed_ns=222240308 run_to_pre_emit_ns=224657611 ns_per_pair=11112.015400000 reader_loads=266101205 reader_checksum=266101205 external_wall_ns=229417864 cpu=0
PAIR_END pair=6 utc=2026-07-18T22:12:09Z
PAIR_START pair=7 reach_order=base,thp shootdown_order=1,16 utc=2026-07-18T22:12:09Z
RESULT pid=2146499 workload=reach variant=base mib=256 pages=65536 passes=64 accesses=4194304 pair=7 order=1 setup_ns=135173259 warmup_ns=11936638 timed_ns=666911706 run_to_pre_emit_ns=817905302 ns_per_access=159.004141331 anon_huge_kib_before=0 anon_huge_kib_after=0 kernel_page_kib=4 mmu_page_kib=4 vm_flags=rd,wr,mr,mw,me,ac,sd,nh external_wall_ns=838338383 cpu=0
RESULT pid=2146507 workload=reach variant=thp mib=256 pages=65536 passes=64 accesses=4194304 pair=7 order=2 setup_ns=25272426 warmup_ns=4721433 timed_ns=132202003 run_to_pre_emit_ns=162486933 ns_per_access=31.519413710 anon_huge_kib_before=262144 anon_huge_kib_after=262144 kernel_page_kib=4 mmu_page_kib=4 vm_flags=rd,wr,mr,mw,me,ac,sd,hg external_wall_ns=167642868 cpu=0
RESULT pid=2146663 workload=shootdown readers=1 mprotect_pairs=20000 first_cpu=0 pair=7 order=1 setup_ns=1458048 warmup_pairs=100 warmup_ns=1014604 timed_ns=214313929 run_to_pre_emit_ns=216903412 ns_per_pair=10715.696450000 reader_loads=250451641 reader_checksum=250451641 external_wall_ns=222067908 cpu=0
RESULT pid=2146798 workload=shootdown readers=16 mprotect_pairs=20000 first_cpu=0 pair=7 order=2 setup_ns=2292031 warmup_pairs=100 warmup_ns=1939570 timed_ns=396991082 run_to_pre_emit_ns=401762955 ns_per_pair=19849.554100000 reader_loads=8946643732 reader_checksum=8946643732 external_wall_ns=406719440 cpu=0
PAIR_END pair=7 utc=2026-07-18T22:12:10Z
PAIR_START pair=8 reach_order=thp,base shootdown_order=16,1 utc=2026-07-18T22:12:10Z
RESULT pid=2147236 workload=reach variant=thp mib=256 pages=65536 passes=64 accesses=4194304 pair=8 order=1 setup_ns=25044544 warmup_ns=10007140 timed_ns=128231864 run_to_pre_emit_ns=163599869 ns_per_access=30.572858810 anon_huge_kib_before=262144 anon_huge_kib_after=262144 kernel_page_kib=4 mmu_page_kib=4 vm_flags=rd,wr,mr,mw,me,ac,sd,hg external_wall_ns=168330932 cpu=0
RESULT pid=2147241 workload=reach variant=base mib=256 pages=65536 passes=64 accesses=4194304 pair=8 order=2 setup_ns=133203574 warmup_ns=11986778 timed_ns=668474349 run_to_pre_emit_ns=817572660 ns_per_access=159.376704454 anon_huge_kib_before=0 anon_huge_kib_after=0 kernel_page_kib=4 mmu_page_kib=4 vm_flags=rd,wr,mr,mw,me,ac,sd,nh external_wall_ns=837939918 cpu=0
RESULT pid=2147249 workload=shootdown readers=16 mprotect_pairs=20000 first_cpu=0 pair=8 order=1 setup_ns=2358011 warmup_pairs=100 warmup_ns=1905599 timed_ns=387414880 run_to_pre_emit_ns=392074962 ns_per_pair=19370.744000000 reader_loads=8660697139 reader_checksum=8660697139 external_wall_ns=397219966 cpu=0
RESULT pid=2147271 workload=shootdown readers=1 mprotect_pairs=20000 first_cpu=0 pair=8 order=2 setup_ns=1343286 warmup_pairs=100 warmup_ns=988805 timed_ns=214025787 run_to_pre_emit_ns=216465949 ns_per_pair=10701.289350000 reader_loads=250909471 reader_checksum=250909471 external_wall_ns=227536103 cpu=0
PAIR_END pair=8 utc=2026-07-18T22:12:12Z
PAIR_START pair=9 reach_order=base,thp shootdown_order=1,16 utc=2026-07-18T22:12:12Z
RESULT pid=2147283 workload=reach variant=base mib=256 pages=65536 passes=64 accesses=4194304 pair=9 order=1 setup_ns=134529396 warmup_ns=11992548 timed_ns=667474325 run_to_pre_emit_ns=817902697 ns_per_access=159.138280153 anon_huge_kib_before=0 anon_huge_kib_after=0 kernel_page_kib=4 mmu_page_kib=4 vm_flags=rd,wr,mr,mw,me,ac,sd,nh external_wall_ns=838381345 cpu=0
RESULT pid=2147290 workload=reach variant=thp mib=256 pages=65536 passes=64 accesses=4194304 pair=9 order=2 setup_ns=22827659 warmup_ns=4607012 timed_ns=127646072 run_to_pre_emit_ns=155363884 ns_per_access=30.433195114 anon_huge_kib_before=262144 anon_huge_kib_after=262144 kernel_page_kib=4 mmu_page_kib=4 vm_flags=rd,wr,mr,mw,me,ac,sd,hg external_wall_ns=160391399 cpu=0
RESULT pid=2147295 workload=shootdown readers=1 mprotect_pairs=20000 first_cpu=0 pair=9 order=1 setup_ns=1299776 warmup_pairs=100 warmup_ns=1016595 timed_ns=217482064 run_to_pre_emit_ns=219909566 ns_per_pair=10874.103200000 reader_loads=256386870 reader_checksum=256386870 external_wall_ns=224581579 cpu=0
RESULT pid=2147302 workload=shootdown readers=16 mprotect_pairs=20000 first_cpu=0 pair=9 order=2 setup_ns=2283980 warmup_pairs=100 warmup_ns=1912219 timed_ns=387438820 run_to_pre_emit_ns=391961911 ns_per_pair=19371.941000000 reader_loads=8673931220 reader_checksum=8673931220 external_wall_ns=396860574 cpu=0
PAIR_END pair=9 utc=2026-07-18T22:12:14Z
PAIR_START pair=10 reach_order=thp,base shootdown_order=16,1 utc=2026-07-18T22:12:14Z
RESULT pid=2147330 workload=reach variant=thp mib=256 pages=65536 passes=64 accesses=4194304 pair=10 order=1 setup_ns=28744208 warmup_ns=4762813 timed_ns=132620567 run_to_pre_emit_ns=166431009 ns_per_access=31.619207144 anon_huge_kib_before=262144 anon_huge_kib_after=262144 kernel_page_kib=4 mmu_page_kib=4 vm_flags=rd,wr,mr,mw,me,ac,sd,hg external_wall_ns=171553013 cpu=0
RESULT pid=2147335 workload=reach variant=base mib=256 pages=65536 passes=64 accesses=4194304 pair=10 order=2 setup_ns=132178305 warmup_ns=11894376 timed_ns=665438025 run_to_pre_emit_ns=813376645 ns_per_access=158.652788401 anon_huge_kib_before=0 anon_huge_kib_after=0 kernel_page_kib=4 mmu_page_kib=4 vm_flags=rd,wr,mr,mw,me,ac,sd,nh external_wall_ns=834010123 cpu=0
RESULT pid=2147340 workload=shootdown readers=16 mprotect_pairs=20000 first_cpu=0 pair=10 order=1 setup_ns=2311621 warmup_pairs=100 warmup_ns=1928530 timed_ns=393799170 run_to_pre_emit_ns=398393633 ns_per_pair=19689.958500000 reader_loads=8843756355 reader_checksum=8843756355 external_wall_ns=403640158 cpu=0
RESULT pid=2147363 workload=shootdown readers=1 mprotect_pairs=20000 first_cpu=0 pair=10 order=2 setup_ns=1392577 warmup_pairs=100 warmup_ns=994085 timed_ns=213575845 run_to_pre_emit_ns=216039727 ns_per_pair=10678.792250000 reader_loads=249970323 reader_checksum=249970323 external_wall_ns=223486973 cpu=0
PAIR_END pair=10 utc=2026-07-18T22:12:15Z
PAIR_START pair=11 reach_order=base,thp shootdown_order=1,16 utc=2026-07-18T22:12:15Z
RESULT pid=2147375 workload=reach variant=base mib=256 pages=65536 passes=64 accesses=4194304 pair=11 order=1 setup_ns=137891122 warmup_ns=12042027 timed_ns=667827926 run_to_pre_emit_ns=821707174 ns_per_access=159.222585201 anon_huge_kib_before=0 anon_huge_kib_after=0 kernel_page_kib=4 mmu_page_kib=4 vm_flags=rd,wr,mr,mw,me,ac,sd,nh external_wall_ns=841696640 cpu=0
RESULT pid=2147380 workload=reach variant=thp mib=256 pages=65536 passes=64 accesses=4194304 pair=11 order=2 setup_ns=22834009 warmup_ns=4748553 timed_ns=126850019 run_to_pre_emit_ns=154709122 ns_per_access=30.243401289 anon_huge_kib_before=262144 anon_huge_kib_after=262144 kernel_page_kib=4 mmu_page_kib=4 vm_flags=rd,wr,mr,mw,me,ac,sd,hg external_wall_ns=160362769 cpu=0
RESULT pid=2147385 workload=shootdown readers=1 mprotect_pairs=20000 first_cpu=0 pair=11 order=1 setup_ns=1344636 warmup_pairs=100 warmup_ns=990335 timed_ns=208162560 run_to_pre_emit_ns=210617571 ns_per_pair=10408.128000000 reader_loads=239857142 reader_checksum=239857142 external_wall_ns=215268084 cpu=0
RESULT pid=2147391 workload=shootdown readers=16 mprotect_pairs=20000 first_cpu=0 pair=11 order=2 setup_ns=2247901 warmup_pairs=100 warmup_ns=1892779 timed_ns=397345698 run_to_pre_emit_ns=401810699 ns_per_pair=19867.284900000 reader_loads=8961408684 reader_checksum=8961408684 external_wall_ns=407209855 cpu=0
PAIR_END pair=11 utc=2026-07-18T22:12:17Z
PAIR_START pair=12 reach_order=thp,base shootdown_order=16,1 utc=2026-07-18T22:12:17Z
RESULT pid=2147420 workload=reach variant=thp mib=256 pages=65536 passes=64 accesses=4194304 pair=12 order=1 setup_ns=29474241 warmup_ns=5076135 timed_ns=130385925 run_to_pre_emit_ns=165251692 ns_per_access=31.086426973 anon_huge_kib_before=262144 anon_huge_kib_after=262144 kernel_page_kib=4 mmu_page_kib=4 vm_flags=rd,wr,mr,mw,me,ac,sd,hg external_wall_ns=170146576 cpu=0
RESULT pid=2147425 workload=reach variant=base mib=256 pages=65536 passes=64 accesses=4194304 pair=12 order=2 setup_ns=132893948 warmup_ns=12019507 timed_ns=666395489 run_to_pre_emit_ns=815227543 ns_per_access=158.881065607 anon_huge_kib_before=0 anon_huge_kib_after=0 kernel_page_kib=4 mmu_page_kib=4 vm_flags=rd,wr,mr,mw,me,ac,sd,nh external_wall_ns=835160399 cpu=0
RESULT pid=2147430 workload=shootdown readers=16 mprotect_pairs=20000 first_cpu=0 pair=12 order=1 setup_ns=2224061 warmup_pairs=100 warmup_ns=1910119 timed_ns=396185392 run_to_pre_emit_ns=400717944 ns_per_pair=19809.269600000 reader_loads=8932189900 reader_checksum=8932189900 external_wall_ns=406132710 cpu=0
RESULT pid=2147453 workload=shootdown readers=1 mprotect_pairs=20000 first_cpu=0 pair=12 order=2 setup_ns=3533087 warmup_pairs=100 warmup_ns=970075 timed_ns=215761895 run_to_pre_emit_ns=220373368 ns_per_pair=10788.094750000 reader_loads=254107096 reader_checksum=254107096 external_wall_ns=225156091 cpu=0
PAIR_END pair=12 utc=2026-07-18T22:12:19Z
SESSION_END utc=2026-07-18T22:12:19Z
